0:100  0:100  MemLog inited, TSC freq: 2808419220
0:100  0:000  CPU was calibrated with RTC
0:100  0:000  
0:100  0:000  Now is 23.7.2019,  10:52:38 (GMT)
0:100  0:000  Starting Clover revision: 5019 on American Megatrends EFI
0:100  0:000  Build with: [Args: -mc --no-usb -D NO_GRUB_DRIVERS_EMBEDDED -t XCODE8 | -D DISABLE_USB_SUPPORT -D NO_GRUB_DRIVERS_EMBEDDED --conf=/Users/len/src/edk2/Conf -D USE_BIOS_BLOCKIO -D USE_LOW_EBDA -a X64 -b RELEASE -t XCODE8 -n 7 | OS: 10.15 | XCODE: 11.0]
0:100  0:000  SelfDevicePath=PciRoot(0x0)\Pci(0x17,0x0)\Sata(0x0,0xFFFF,0x0)\HD(1,GPT,02BA9D6E-928F-478D-AD7D-13E61280A5E8,0x28,0x64000) @67180858
0:100  0:000  SelfDirPath = \EFI\CLOVER
0:102  0:002  === [ Get Smbios ] ========================================
0:113  0:011  Type 16 Index = 0
0:113  0:000  Total Memory Slots Count = 2
0:113  0:000  Type 17 Index = 0
0:113  0:000  SmbiosTable.Type17->Speed = 2400MHz
0:113  0:000  SmbiosTable.Type17->Size = 8192MB
0:113  0:000  SmbiosTable.Type17->Bank/Device = BANK 0 ChannelA-DIMM0
0:113  0:000  SmbiosTable.Type17->Vendor = 859B
0:113  0:000  SmbiosTable.Type17->SerialNumber = E057D521
0:113  0:000  SmbiosTable.Type17->PartNumber = CT8G4SFS824A.C8FAD1 
0:113  0:000  Type 17 Index = 1
0:113  0:000  SmbiosTable.Type17->Speed = 2400MHz
0:113  0:000  SmbiosTable.Type17->Size = 8192MB
0:113  0:000  SmbiosTable.Type17->Bank/Device = BANK 2 ChannelB-DIMM0
0:113  0:000  SmbiosTable.Type17->Vendor = Kingston
0:113  0:000  SmbiosTable.Type17->SerialNumber = 24141851
0:113  0:000  SmbiosTable.Type17->PartNumber = CBD24D4S7S8MB-8     
0:113  0:000  Boot status=0
0:113  0:000  Running on: 'Sabre 15' with board 'Sabre 15'
0:113  0:000  === [ GetCPUProperties ] ==================================
0:113  0:000  CPU Vendor = 756E6547 Model=906E9
0:113  0:000   The CPU supported SSE4.1
0:113  0:000  BrandString = Intel(R) Core(TM) i7-7700HQ CPU @ 2.80GHz
0:113  0:000   The CPU supported turbo
0:113  0:000  MSR 0x35               40008
0:113  0:000   TSC/CCC Information Leaf:
0:113  0:000    numerator     : 234
0:113  0:000    denominator   : 2
0:113  0:000   Calibrated ARTFrequency: 24003583
0:113  0:000  MSR 0xE2 before patch 1E008007
0:113  0:000  MSR 0xE2 is locked, PM patches will be turned on
0:113  0:000  MSR 0xCE              0008083B_F1011C00
0:113  0:000  corrected FLEX_RATIO = 0
0:113  0:000  MSR 0x1B0             00000000
0:113  0:000  FSBFrequency = 97 MHz, DMI FSBFrequency = 100 MHz, Corrected FSBFrequency = 100 MHz
0:113  0:000  MaxDiv/MinDiv: 28.0/8
0:113  0:000  Turbo: 34/35/36/38
0:113  0:000  Features: 0xBFEBFBFF
0:113  0:000  Threads: 8
0:113  0:000  Cores: 4
0:113  0:000  FSB: 100 MHz
0:113  0:000  CPU: 2700 MHz
0:113  0:000  TSC: 2700 MHz
0:113  0:000  PIS: 100 MHz
0:113  0:000  ExternalClock: 25 MHz
0:113  0:000  === [ GetDevices ] ========================================
0:113  0:000  PCI (00|00:00.00) : 8086 5910 class=060000
0:113  0:000  PCI (00|00:01.00) : 8086 1901 class=060400
0:113  0:000  PCI (00|01:00.00) : 10DE 1C8C class=030200
0:113  0:000  PCI (00|01:00.01) : FFFF FFFF class=FFFFFF
0:113  0:000  PCI (00|00:02.00) : 8086 591B class=030000
0:113  0:000   - GFX: Model=Intel HD Graphics 630 (Intel)
0:113  0:000  PCI (00|00:14.00) : 8086 A12F class=0C0330
0:113  0:000  PCI (00|00:14.02) : 8086 A131 class=118000
0:113  0:000  PCI (00|00:16.00) : 8086 A13A class=078000
0:113  0:000  PCI (00|00:17.00) : 8086 A103 class=010601
0:113  0:000  PCI (00|00:1C.00) : 8086 A110 class=060400
0:113  0:000  PCI (00|02:00.00) : 1B21 1242 class=0C0330
0:113  0:000  PCI (00|00:1C.04) : 8086 A114 class=060400
0:113  0:000  PCI (00|03:00.00) : 10EC 5287 class=FF0000
0:113  0:000  PCI (00|03:00.01) : 10EC 8168 class=020000
0:113  0:000   - LAN: 0 Vendor=Realtek
0:113  0:000  PCI (00|00:1C.06) : 8086 A116 class=060400
0:113  0:000  PCI (00|04:00.00) : 8086 24FB class=028000
0:113  0:000   - WIFI: Vendor=Intel
0:113  0:000  PCI (00|00:1F.00) : 8086 A152 class=060100
0:113  0:000  PCI (00|00:1F.02) : 8086 A121 class=058000
0:113  0:000  PCI (00|00:1F.03) : 8086 A171 class=040300
0:113  0:000  PCI (00|00:1F.04) : 8086 A123 class=0C0500
0:113  0:000  === [ GetDefaultSettings ] ================================
0:114  0:000  Clover load options size = 0 bytes
0:120  0:006  EFI\CLOVER\config.plist loaded: Success
0:131  0:010  === [ GetListOfThemes ] ===================================
0:132  0:001  - [00]: black_green
0:137  0:005  === [ Found config plists ] ===============================
0:138  0:001  - config-backup.plist
0:139  0:001  - config.plist
0:141  0:001  === [ GetEarlyUserSettings ] ==============================
0:141  0:000  timeout set to 10
0:141  0:000  Custom boot CUSTOM_BOOT_DISABLED (0x0)
0:141  0:000  KextsToPatch: 3 requested
0:141  0:000   - [00]: AppleAHCIPort (External icons patch) :: BinPatch :: data len: 8
0:141  0:000   - [01]: com.apple.driver.usb.AppleUSBXHCI (change 15 port limit to 26 in XHCI kext for 10.14.1 by Ricky) :: BinPatch :: data len: 9
0:141  0:000   - [02]: com.apple.iokit.IOAHCIBlockStorage (Enable TRIM for SSD) :: BinPatch :: data len: 11
0:142  0:000  Default theme: black_green
0:142  0:000  Hiding entries with string Windows
0:142  0:000  Hiding entries with string BOOTX64.EFI
0:142  0:000  === [ LoadDrivers ] =======================================
0:145  0:003  Loading FSInject.efi  status=Success
0:153  0:007  Loading VBoxHfs-64.efi  status=Success
0:158  0:005   - driver needs connecting
0:158  0:000  Loading ApfsDriverLoader.efi  status=Success
0:164  0:005   - driver needs connecting
0:164  0:000  Loading AptioMemoryFix.efi  status=Success
0:272  0:107  2 drivers needs connecting ...
0:272  0:000  PlatformDriverOverrideProtocol not found. Installing ... Success
0:272  0:000  APFS driver loaded
0:272  0:000  Searching for invalid DiskIo BY_DRIVER connects: not found, all ok
1:750  1:477  === [ InitScreen ] ========================================
1:750  0:000  Console modes reported: 3, available modes:
1:750  0:000   - [01]: 80x25 (current mode)
1:750  0:000   - [02]: 80x50
1:750  0:000   - [03]: 100x31
1:750  0:000  SetMaxResolution: found best mode 0: 1920x1080
1:750  0:000   - already set
1:750  0:000  reinit: self device path=PciRoot(0x0)\Pci(0x17,0x0)\Sata(0x0,0xFFFF,0x0)\HD(1,GPT,02BA9D6E-928F-478D-AD7D-13E61280A5E8,0x28,0x64000)
1:751  0:001  === [ GetMacAddress ] =====================================
1:751  0:000  === [ ScanSPD ] ===========================================
1:752  0:000  Scanning SMBus [8086:A123], mmio: 0xDF42A004, ioport: 0xF040, hostc: 0x11
1:770  0:018  Slot: 0 Type 26 8192MB 2400MHz Vendor=Crucial Technology PartNo=CT8G4SFS824A.C8FAD1 SerialNo=0E0005070D050201
1:788  0:018  Slot: 2 Type 26 8192MB 2400MHz Vendor=Kingston PartNo=CBD24D4S7S8MB-8 SerialNo=0204010401080501
1:789  0:000  === [ GetAcpiTablesList ] =================================
1:805  0:016  Get Acpi Tables List from RSDT:
1:805  0:000   - [00]: FACP  GBTUACPI len=132
1:805  0:000   - [01]: APIC  GBTUACPI len=188
1:805  0:000   - [02]: FPDT  GBTUACPI len=68
1:805  0:000   - [03]: SLIC  GBTUACPI len=374
1:805  0:000   - [04]: MCFG  GBTUACPI len=60
1:805  0:000   - [05]: SSDT  GBTUACPI len=802
1:805  0:000   - [06]: FIDT  GBTUACPI len=156
1:805  0:000   - [07]: MSDM  GBTUACPI len=85
1:805  0:000   - [08]: SSDT  GBTUACPI len=12875
1:805  0:000   - [09]: SSDT  GBTUACPI len=10865
1:805  0:000   - [10]: HPET  GBTUACPI len=56
1:805  0:000   - [11]: UEFI  GBTUACPI len=66
1:805  0:000   - [12]: SSDT  GBTUACPI len=3806
1:805  0:000   - [13]: LPIT  GBTUACPI len=148
1:805  0:000   - [14]: WSMT  GBTUACPI len=40
1:805  0:000   - [15]: SSDT  GBTUACPI len=671
1:805  0:000   - [16]: SSDT  GBTUACPI len=12290
1:805  0:000   - [17]: DBGP  GBTUACPI len=52
1:805  0:000   - [18]: DBG2  GBTUACPI len=84
1:805  0:000   - [19]: BGRT  GBTUACPI len=56
1:805  0:000   - [20]: SSDT  GBTUACPI len=174
1:805  0:000   - [21]: TPM2  GBTUACPI len=52
1:805  0:000   - [22]: SSDT  GBTUACPI len=8299
1:805  0:000   - [23]: ASF!  GBTUACPI len=160
1:805  0:000  Calibrated TSC Frequency = 2808419220 = 2808MHz
1:805  0:000  === [ GetUserSettings ] ===================================
1:805  0:000  Add 2 devices:
1:805  0:000  USB FixOwnership: yes
1:805  0:000  Dropping 3 tables:
1:805  0:000   - [00]: Drop table  signature="BGRT" (54524742)
1:805  0:000           - set table: 54524742,                0 to drop: yes
1:805  0:000   - [01]: Drop table  signature="DMAR" (52414D44)
1:805  0:000           - set table: 52414D44,                0 to drop: no
1:805  0:000   - [02]: Drop table  signature="MATS" (5354414D)
1:805  0:000           - set table: 5354414D,                0 to drop: no
1:805  0:000   - final DSDT Fix mask=01000101
1:805  0:000  PatchesDSDT: 4 requested
1:805  0:000   - [00]: (change HDAS to HDEF) lenToFind: 4, lenToReplace: 4, Target Bridge: <null string>
1:805  0:000   - [01]: (change GFX0 to IGPU) lenToFind: 4, lenToReplace: 4, Target Bridge: <null string>
1:805  0:000   - [02]: (change HECI to IMEI) lenToFind: 4, lenToReplace: 4, Target Bridge: <null string>
1:805  0:000   - [03]: (change SAT0 to SATA) lenToFind: 4, lenToReplace: 4, Target Bridge: <null string>
1:805  0:000  Using ProductName from config: MacBookPro14,3
1:805  0:000  Using latest BiosVersion from clover
1:805  0:000  BiosVersion: MBP143.88Z.F000.B00.1905281616
1:805  0:000  BiosReleaseDate: 05/28/2019
1:805  0:000  Using latest EfiVersion from clover: 196.0.0.0.0
1:805  0:000  Using FirmwareFeatures from config: 0xFC0FE13F
1:805  0:000  Using FirmwareFeaturesMask from config: 0xFF1FFF3F
1:805  0:000  Board-ID set from config as Mac-551B86E5744E2388
1:805  0:000  BoardType: 0xA
1:805  0:000  ChassisType: 0x9
1:807  0:002  === [ Found DSDT tables ] =================================
1:867  0:059  === [ ScanVolumes ] =======================================
1:867  0:000  Found 14 volumes with blockIO
1:867  0:000  - [00]: Volume: PciRoot(0x0)\Pci(0x17,0x0)\Sata(0x0,0xFFFF,0x0)
1:867  0:000  - [01]: Volume: PciRoot(0x0)\Pci(0x17,0x0)\Sata(0x0,0xFFFF,0x0)\HD(1,GPT,02BA9D6E-928F-478D-AD7D-13E61280A5E8,0x28,0x64000)
1:868  0:000          Result of bootcode detection: bootable unknown (legacy)
1:869  0:001          This is SelfVolume !!
1:869  0:000  - [02]: Volume: PciRoot(0x0)\Pci(0x17,0x0)\Sata(0x0,0xFFFF,0x0)\HD(2,GPT,128DA063-E673-4B0C-B19A-21C95B86E89B,0x64028,0xEE18260)
1:870  0:000          Result of bootcode detection: bootable unknown (legacy)
1:870  0:000  - [03]: Volume: PciRoot(0x0)\Pci(0x14,0x0)\USB(0x3,0x0)
1:871  0:001          USB volume
1:871  0:000  - [04]: Volume: PciRoot(0x0)\Pci(0x14,0x0)\USB(0x3,0x0)\HD(1,GPT,BD484931-AC61-48AA-B53A-917D395BE31E,0x28,0x64000)
1:872  0:001          Result of bootcode detection: bootable unknown (legacy)
1:872  0:000          USB volume
1:879  0:007  - [05]: Volume: PciRoot(0x0)\Pci(0x14,0x0)\USB(0x3,0x0)\HD(2,GPT,B87AB27C-A910-4A61-8EFC-F26D4A619C4B,0x64028,0xE42B00)
1:880  0:000          USB volume
1:880  0:000  - [06]: Volume: PciRoot(0x0)\Pci(0x17,0x0)\Sata(0x2,0xFFFF,0x0)
1:881  0:000  - [07]: Volume: PciRoot(0x0)\Pci(0x17,0x0)\Sata(0x0,0xFFFF,0x0)\HD(2,GPT,128DA063-E673-4B0C-B19A-21C95B86E89B,0x64028,0xEE18260)\VenMedia(BE74FCF7-0B7C-49F3-9147-01F4042E6842,4960E60E7890FC4189920AB2146009F7)
1:881  0:000  - [08]: Volume: PciRoot(0x0)\Pci(0x17,0x0)\Sata(0x0,0xFFFF,0x0)\HD(2,GPT,128DA063-E673-4B0C-B19A-21C95B86E89B,0x64028,0xEE18260)\VenMedia(BE74FCF7-0B7C-49F3-9147-01F4042E6842,5258BCE0BF8624419353C8B385FC452D)
1:881  0:000  - [09]: Volume: PciRoot(0x0)\Pci(0x17,0x0)\Sata(0x0,0xFFFF,0x0)\HD(2,GPT,128DA063-E673-4B0C-B19A-21C95B86E89B,0x64028,0xEE18260)\VenMedia(BE74FCF7-0B7C-49F3-9147-01F4042E6842,E95978B48928454F8C78AC663827E1A0)
1:881  0:000  - [10]: Volume: PciRoot(0x0)\Pci(0x17,0x0)\Sata(0x0,0xFFFF,0x0)\HD(2,GPT,128DA063-E673-4B0C-B19A-21C95B86E89B,0x64028,0xEE18260)\VenMedia(BE74FCF7-0B7C-49F3-9147-01F4042E6842,395E307FBB963E43B425F1CA2C3F4358)
1:881  0:000  - [11]: Volume: PciRoot(0x0)\Pci(0x17,0x0)\Sata(0x2,0xFFFF,0x0)\HD(1,GPT,7E6396C6-E90F-49F5-AA92-7F44E035C390,0x800,0x8000)
1:882  0:000  - [12]: Volume: PciRoot(0x0)\Pci(0x17,0x0)\Sata(0x2,0xFFFF,0x0)\HD(2,GPT,31688C1B-E33A-4096-97F2-ACC7DEE29900,0x8800,0x18FF8000)
1:882  0:000          Result of bootcode detection: bootable Windows (vista,win)
1:897  0:014          hiding this volume
1:897  0:000  - [13]: Volume: PciRoot(0x0)\Pci(0x17,0x0)\Sata(0x2,0xFFFF,0x0)\HD(3,GPT,B5D04F32-BB7E-4055-B61D-A07CD6B0A411,0x19000800,0x5B705800)
1:897  0:000          Result of bootcode detection: bootable unknown (legacy)
1:897  0:000  No AudioIoProtocols, status=Not Found
1:897  0:000  === [ InitTheme ] =========================================
1:897  0:000  use daylight theme
1:902  0:004  Using theme 'black_green' (EFI\CLOVER\themes\black_green)
1:902  0:000  OS main and drive as badge
1:905  0:002    Channels: 2  Sample rate: 44100 Hz  Bits: 16
1:905  0:000  output to channel 0 with volume 70, len=149940
1:905  0:000   sound channels=2 bits=16 freq=44100
1:905  0:000  not found AudioIo to play
1:905  0:000  free sound
1:905  0:000  sound play end with status=Not Found
1:908  0:002  Loading font from ThemeDir: Success
1:908  0:000  theme inited
1:908  0:000  Chosen theme black_green
1:909  0:000  after NVRAM boot-args=dart=0 nv_disable=1 -disablegfxfirmware
1:909  0:000  === [ Dump SMC keys from NVRAM ] ==========================
1:909  0:000  no AppleSMC protocol
1:955  0:046  === [ ScanLoader ] ========================================
1:955  0:000  - [01]: 'EFI'
1:969  0:013          AddLoaderEntry for Volume Name=EFI
1:983  0:014          AddLoaderEntry for Volume Name=EFI
1:983  0:000          skipped because entry is hidden
1:983  0:000  - [04]: 'EFI'
1:983  0:000          AddLoaderEntry for Volume Name=EFI
1:983  0:000          skipped because entry is hidden
1:983  0:000  - [05]: 'Len's Install macOS Catalina Beta'
1:992  0:008          AddLoaderEntry for Volume Name=Len's Install macOS Catalina Beta
2:003  0:011  - [07]: 'Preboot'
2:004  0:001          AddLoaderEntry for Volume Name=Preboot
2:005  0:000      hibernated: set as never
2:008  0:003          [!] Icon 18 (icons\vol_internal_apfs.icns) not found (path: EFI\CLOVER\themes\black_green)
2:014  0:005          AddLoaderEntry for Volume Name=Preboot
2:020  0:005  - [08]: 'Macintosh HD'
2:046  0:025          AddLoaderEntry for Volume Name=Macintosh HD
2:052  0:005      hibernated: set as never
2:057  0:005  - [09]: 'Recovery'
2:057  0:000          AddLoaderEntry for Volume Name=Recovery
2:065  0:008  - [10]: 'VM'
2:065  0:000  - [12]: 'Windows', hidden
2:065  0:000  === [ AddCustomTool ] =====================================
2:074  0:008  === [ GetEfiBootDeviceFromNvram ] =========================
2:075  0:000  Default boot entry not found
2:075  0:000  DefaultIndex=-1 and MainMenu.EntryCount=10
2:665  0:589  egDecodePNG(6577C018, 10930174, N): eglodepng_decode returned suspect values, PixelData 5F053020, Width 4474, Height 2517
2:756  0:090  GUI ready
